0 info it worked if it ends with ok
1 verbose cli [ 'C:\\Program Files\\nodejs\\node.exe',
1 verbose cli   'C:\\Users\\dhe\\AppData\\Roaming\\npm\\node_modules\\npm\\bin\\npm-cli.js',
1 verbose cli   'run',
1 verbose cli   'lite' ]
2 info using npm@3.3.10
3 info using node@v4.4.5
4 verbose run-script [ 'prelite', 'lite', 'postlite' ]
5 info lifecycle angular2_helloworld@1.0.0~prelite: angular2_helloworld@1.0.0
6 silly lifecycle angular2_helloworld@1.0.0~prelite: no script for prelite, continuing
7 info lifecycle angular2_helloworld@1.0.0~lite: angular2_helloworld@1.0.0
8 verbose lifecycle angular2_helloworld@1.0.0~lite: unsafe-perm in lifecycle true
9 verbose lifecycle angular2_helloworld@1.0.0~lite: PATH: C:\Users\dhe\AppData\Roaming\npm\node_modules\npm\bin\node-gyp-bin;a:\a2\newsApp\node_modules\.bin;C:\Users\dhe\AppData\Roaming\npm\node_modules\npm\bin\node-gyp-bin;a:\a2\newsApp\node_modules\.bin;C:\ProgramData\Oracle\Java\javapath;C:\Program Files (x86)\HP SimplePass\x64;C:\Program Files (x86)\HP SimplePass\;C:\Program Files (x86)\Intel\iCLS Client\;C:\Program Files\Intel\iCLS Client\;C:\Program Files (x86)\NVIDIA Corporation\PhysX\Common;C:\WINDOWS\system32;C:\WINDOWS;C:\WINDOWS\System32\Wbem;C:\WINDOWS\System32\WindowsPowerShell\v1.0\;C:\Program Files (x86)\Windows Live\Shared;C:\Program Files (x86)\Intel\OpenCL SDK\3.0\bin\x86;C:\Program Files (x86)\Intel\OpenCL SDK\3.0\bin\x64;C:\Program Files\Intel\Intel(R) Management Engine Components\DAL;C:\Program Files\Intel\Intel(R) Management Engine Components\IPT;C:\Program Files (x86)\Intel\Intel(R) Management Engine Components\DAL;C:\Program Files (x86)\Intel\Intel(R) Management Engine Components\IPT;C:\Program Files (x86)\Windows Kits\8.1\Windows Performance Toolkit\;C:\Program Files\Microsoft SQL Server\110\Tools\Binn\;C:\Program Files (x86)\Microsoft SDKs\TypeScript\1.0\;C:\Program Files\Microsoft SQL Server\120\Tools\Binn\;C:\Program Files\Microsoft\Web Platform Installer\;C:\Program Files\Samsung\AllShare Framework DMS\1.3.23\;C:\Program Files\Samsung\AllShare Framework DMS\1.3.23\64bit\;C:\Program Files (x86)\Git\bin;C:\Program Files (x86)\Git\cmd;C:\Program Files\Git\cmd;C:\Program Files\Java\jdk1.7.0_72\bin;C:\Program Files\nodejs\;C:\Ruby22-x64\bin;C:\Users\dhe\AppData\Roaming\npm;C:\Program Files (x86)\Microsoft VS Code\bin
10 verbose lifecycle angular2_helloworld@1.0.0~lite: CWD: a:\a2\newsApp
11 silly lifecycle angular2_helloworld@1.0.0~lite: Args: [ '/d /s /c', 'lite-server' ]
12 silly lifecycle angular2_helloworld@1.0.0~lite: Returned: code: 3  signal: null
13 info lifecycle angular2_helloworld@1.0.0~lite: Failed to exec lite script
14 verbose stack Error: angular2_helloworld@1.0.0 lite: `lite-server`
14 verbose stack Exit status 3
14 verbose stack     at EventEmitter.<anonymous> (C:\Users\dhe\AppData\Roaming\npm\node_modules\npm\lib\utils\lifecycle.js:232:16)
14 verbose stack     at emitTwo (events.js:87:13)
14 verbose stack     at EventEmitter.emit (events.js:172:7)
14 verbose stack     at ChildProcess.<anonymous> (C:\Users\dhe\AppData\Roaming\npm\node_modules\npm\lib\utils\spawn.js:24:14)
14 verbose stack     at emitTwo (events.js:87:13)
14 verbose stack     at ChildProcess.emit (events.js:172:7)
14 verbose stack     at maybeClose (internal/child_process.js:827:16)
14 verbose stack     at Process.ChildProcess._handle.onexit (internal/child_process.js:211:5)
15 verbose pkgid angular2_helloworld@1.0.0
16 verbose cwd a:\a2\newsApp
17 error Windows_NT 10.0.10586
18 error argv "C:\\Program Files\\nodejs\\node.exe" "C:\\Users\\dhe\\AppData\\Roaming\\npm\\node_modules\\npm\\bin\\npm-cli.js" "run" "lite"
19 error node v4.4.5
20 error npm  v3.3.10
21 error code ELIFECYCLE
22 error angular2_helloworld@1.0.0 lite: `lite-server`
22 error Exit status 3
23 error Failed at the angular2_helloworld@1.0.0 lite script 'lite-server'.
23 error Make sure you have the latest version of node.js and npm installed.
23 error If you do, this is most likely a problem with the angular2_helloworld package,
23 error not with npm itself.
23 error Tell the author that this fails on your system:
23 error     lite-server
23 error You can get their info via:
23 error     npm owner ls angular2_helloworld
23 error There is likely additional logging output above.
24 verbose exit [ 1, true ]
